Determining if the pthread_create exist failed with the following output:
Change Dir: /home/matt/Documents/nanodegree/Group-CarND-Capstone/CarND-Capstone/ros/build/CMakeFiles/CMakeTmp

Run Build Command:"/usr/bin/make" "cmTC_11bcb/fast"
/usr/bin/make -f CMakeFiles/cmTC_11bcb.dir/build.make CMakeFiles/cmTC_11bcb.dir/build
make[1]: Entering directory '/home/matt/Documents/nanodegree/Group-CarND-Capstone/CarND-Capstone/ros/build/CMakeFiles/CMakeTmp'
Building C object CMakeFiles/cmTC_11bcb.dir/CheckSymbolExists.c.o
/usr/bin/cc    -o CMakeFiles/cmTC_11bcb.dir/CheckSymbolExists.c.o   -c /home/matt/Documents/nanodegree/Group-CarND-Capstone/CarND-Capstone/ros/build/CMakeFiles/CMakeTmp/CheckSymbolExists.c
Linking C executable cmTC_11bcb
/usr/local/bin/cmake -E cmake_link_script CMakeFiles/cmTC_11bcb.dir/link.txt --verbose=1
/usr/bin/cc      -rdynamic CMakeFiles/cmTC_11bcb.dir/CheckSymbolExists.c.o  -o cmTC_11bcb 
CMakeFiles/cmTC_11bcb.dir/CheckSymbolExists.c.o: In function `main':
CheckSymbolExists.c:(.text+0x16): undefined reference to `pthread_create'
collect2: error: ld returned 1 exit status
CMakeFiles/cmTC_11bcb.dir/build.make:97: recipe for target 'cmTC_11bcb' failed
make[1]: *** [cmTC_11bcb] Error 1
make[1]: Leaving directory '/home/matt/Documents/nanodegree/Group-CarND-Capstone/CarND-Capstone/ros/build/CMakeFiles/CMakeTmp'
Makefile:126: recipe for target 'cmTC_11bcb/fast' failed
make: *** [cmTC_11bcb/fast] Error 2

File /home/matt/Documents/nanodegree/Group-CarND-Capstone/CarND-Capstone/ros/build/CMakeFiles/CMakeTmp/CheckSymbolExists.c:
/* */
#include <pthread.h>

int main(int argc, char** argv)
{
  (void)argv;
#ifndef pthread_create
  return ((int*)(&pthread_create))[argc];
#else
  (void)argc;
  return 0;
#endif
}

Determining if the function pthread_create exists in the pthreads failed with the following output:
Change Dir: /home/matt/Documents/nanodegree/Group-CarND-Capstone/CarND-Capstone/ros/build/CMakeFiles/CMakeTmp

Run Build Command:"/usr/bin/make" "cmTC_bb577/fast"
/usr/bin/make -f CMakeFiles/cmTC_bb577.dir/build.make CMakeFiles/cmTC_bb577.dir/build
make[1]: Entering directory '/home/matt/Documents/nanodegree/Group-CarND-Capstone/CarND-Capstone/ros/build/CMakeFiles/CMakeTmp'
Building C object CMakeFiles/cmTC_bb577.dir/CheckFunctionExists.c.o
/usr/bin/cc   -DCHECK_FUNCTION_EXISTS=pthread_create   -o CMakeFiles/cmTC_bb577.dir/CheckFunctionExists.c.o   -c /usr/local/share/cmake-3.9/Modules/CheckFunctionExists.c
Linking C executable cmTC_bb577
/usr/local/bin/cmake -E cmake_link_script CMakeFiles/cmTC_bb577.dir/link.txt --verbose=1
/usr/bin/cc  -DCHECK_FUNCTION_EXISTS=pthread_create    -rdynamic CMakeFiles/cmTC_bb577.dir/CheckFunctionExists.c.o  -o cmTC_bb577 -lpthreads 
/usr/bin/ld: cannot find -lpthreads
collect2: error: ld returned 1 exit status
CMakeFiles/cmTC_bb577.dir/build.make:97: recipe for target 'cmTC_bb577' failed
make[1]: *** [cmTC_bb577] Error 1
make[1]: Leaving directory '/home/matt/Documents/nanodegree/Group-CarND-Capstone/CarND-Capstone/ros/build/CMakeFiles/CMakeTmp'
Makefile:126: recipe for target 'cmTC_bb577/fast' failed
make: *** [cmTC_bb577/fast] Error 2


